C51 COMPILER V9.51   ZAD1                                                                  05/30/2022 18:30:45 PAGE 1   


C51 COMPILER V9.51, COMPILATION OF MODULE ZAD1
OBJECT MODULE PLACED IN zad1.OBJ
COMPILER INVOKED BY: C:\Keil\C51\BIN\C51.EXE zad1.c OMF2 BROWSE DEBUG TABS(2)

line level    source

   1          #include <REGX52.H>
   2          // PWM_Pin
   3          sbit PWM_Pin = P2^0;       // Pin P2.0 to PWM_Pin
   4          // deklaracje
   5          void InitTimer0(void);
   6          void InitPWM(void);
   7          // zmienne globalne
   8          unsigned char PWM = 0;    // wartosc od 0 (0% duty cycle) do 255 (100% duty cycle)
   9          unsigned int temp = 0;    // zmienna robocza w procedurze obslugi przerwania Timer0
  10          #define PWM_Freq_Num   4   //  1 = najwyzsza czestotliwosc gdy PWM_Freq_Num, zakres 1 - 255
  11          // Main Function
  12          int main(void)
  13          {
  14   1         InitPWM();              // Start PWM
  15   1         PWM = 26;              // 127 = 50% wspolczynnik wypelnienia
  16   1      
  17   1         while(1) {;}
  18   1      }
  19          // Timer0 init
  20          void InitTimer0(void)
  21          {
  22   1        TMOD &= 0xF0;    // wyzeruj bity dla Timer0
  23   1        TMOD |= 0x01;    // ustaw tryb mode 1 = 16bit mode
  24   1        
  25   1        TH0 = 0x00;      // Pierwsze
  26   1        TL0 = 0x00;      // ustawienie
  27   1        
  28   1        ET0 = 1;         // Enable Timer0 interrupts
  29   1        EA  = 1;         // Enable All
  30   1        
  31   1        TR0 = 1;         // Start Timer 0
  32   1      }
  33          
  34          // PWM init
  35          void InitPWM(void)
  36          {
  37   1        PWM = 0;         // poczatkowo zero
  38   1        InitTimer0();    // Init Timer0 dla rozpoczecia generacji przerwan
  39   1      }
  40          // Timer0 ISR
  41          void Timer0_ISR (void) interrupt 1   
  42          {
  43   1        TR0 = 0;    // Stop Timer 0
  44   1      
  45   1        if(PWM_Pin) // if PWM_Pin =1 wyzeruj sygnal PWM i zaladuj licznik
  46   1        {
  47   2          PWM_Pin = 0;
  48   2          temp = (255-PWM)*PWM_Freq_Num;
  49   2          TH0  = 0xFF - (temp>>8)&0xFF;
  50   2          TL0  = 0xFF - temp&0xFF;  
  51   2        }
  52   1        else       // if PWM_Pin =0 ustaw pin na 1 i zaladuj licznik
  53   1        {
  54   2          PWM_Pin = 1;
  55   2          temp = PWM*PWM_Freq_Num;
C51 COMPILER V9.51   ZAD1                                                                  05/30/2022 18:30:45 PAGE 2   

  56   2          TH0  = 0xFF - (temp>>8)&0xFF;
  57   2          TL0  = 0xFF - temp&0xFF;
  58   2        }
  59   1        TF0 = 0;     // wyczysc flage
  60   1        TR0 = 1;     // Start Timer 0
  61   1      }


MODULE INFORMATION:   STATIC OVERLAYABLE
   CODE SIZE        =    129    ----
   CONSTANT SIZE    =   ----    ----
   XDATA SIZE       =   ----    ----
   PDATA SIZE       =   ----    ----
   DATA SIZE        =      3    ----
   IDATA SIZE       =   ----    ----
   BIT SIZE         =   ----    ----
   EDATA SIZE       =   ----    ----
   HDATA SIZE       =   ----    ----
   XDATA CONST SIZE =   ----    ----
   FAR CONST SIZE   =   ----    ----
END OF MODULE INFORMATION.


C51 COMPILATION COMPLETE.  0 WARNING(S),  0 ERROR(S)
