C51 COMPILER V9.51   LAB2_1                                                                05/15/2022 12:50:23 PAGE 1   


C51 COMPILER V9.51, COMPILATION OF MODULE LAB2_1
OBJECT MODULE PLACED IN lab2_1.OBJ
COMPILER INVOKED BY: C:\Keil\C51\BIN\C51.EXE lab2_1.c OMF2 BROWSE DEBUG TABS(2)

line level    source

   1          #include <REGX52.H>
   2          #define Dioda P0_0
   3          #define numer 1
   4          #define Warunek_Zapalenia Key == 0xE7 || Key == 0x7D || Key == 0xEB || Key == 0xED || Key == 0xD7 || Key =
             -= 0xDB || Key == 0xDD || Key == 0xB7 || Key == 0xBB || Key == 0xBD || Key == 0x77 || Key == 0x7B || Key == 0x7D
   5          
   6          unsigned char code Tab[] = {0xEF,0xDF, 0xBF, 0x7F};
   7          unsigned char bdata Key;
   8          sbit Key_3 = Key^3;
   9          sbit Key_2 = Key^2;
  10          sbit Key_1 = Key^1;
  11          void delay(void);
  12          
  13          void main(void)
  14          {
  15   1        unsigned char data i = 0;
  16   1        bit Zezwalaj = 1;     // flaga, zabezpieczajaca przed wielokrotnym wejsciem do procedury wykonawczej przy p
             -rzytrzymaniu klawisza
  17   1        while(1)
  18   1        {
  19   2          P2 = Tab[i];
  20   2          Key = P2; 
  21   2          if ((Key_3&Key_2&Key_1)==0)
  22   2          { 
  23   3            if (Zezwalaj == 1)
  24   3            {
  25   4              if (Warunek_Zapalenia) 
  26   4              {  
  27   5                Dioda = 0; 
  28   5                delay(); 
  29   5                Dioda = 1;
  30   5                Zezwalaj = 0;        // Zablokuj wejscie do procedur obslugi klawiszy
  31   5              }
  32   4            }
  33   3          }
  34   2          else
  35   2          {
  36   3            if (i<3) 
  37   3            {
  38   4              i++;
  39   4            }
  40   3            else 
  41   3            {
  42   4              i = 0;
  43   4            }
  44   3            Zezwalaj = 1;     // odblokowanie zezwalania na wejscie do procedur obslugi klawiszy 
  45   3          }
  46   2        }
  47   1      }  
  48          
  49          void delay(void)
  50          {
  51   1        unsigned char j;
  52   1        unsigned char i;
  53   1       
C51 COMPILER V9.51   LAB2_1                                                                05/15/2022 12:50:23 PAGE 2   

  54   1         for(i=0 ; i<200 ; i++)
  55   1         {
  56   2            for(j=0;j<189;j++)
  57   2            {;}
  58   2         }
  59   1      }


MODULE INFORMATION:   STATIC OVERLAYABLE
   CODE SIZE        =    148    ----
   CONSTANT SIZE    =      4    ----
   XDATA SIZE       =   ----    ----
   PDATA SIZE       =   ----    ----
   DATA SIZE        =      1       1
   IDATA SIZE       =   ----    ----
   BIT SIZE         =   ----       1
   EDATA SIZE       =   ----    ----
   HDATA SIZE       =   ----    ----
   XDATA CONST SIZE =   ----    ----
   FAR CONST SIZE   =   ----    ----
END OF MODULE INFORMATION.


C51 COMPILATION COMPLETE.  0 WARNING(S),  0 ERROR(S)
