C51 COMPILER V9.51   PROG1                                                                 04/24/2022 20:07:43 PAGE 1   


C51 COMPILER V9.51, COMPILATION OF MODULE PROG1
OBJECT MODULE PLACED IN prog1.OBJ
COMPILER INVOKED BY: C:\Keil\C51\BIN\C51.EXE prog1.c OMF2 BROWSE DEBUG TABS(2)

line level    source

   1          #include <REGX52.H>
   2          
   3          unsigned char code Diody[] = {0x7F, 0xBF, 0xDF, 0xEF, 0xF7, 0xFB, 0xFD, 0xFE};
   4          unsigned char q = 7;
   5          unsigned int licznik = 0;
   6          
   7          void setup(void)
   8          {
   9   1        TH1   = TL1 = 0x00;     // ustawienie wartosci poczatkowych timera
  10   1        TMOD  = TMOD & 0x0F;
  11   1        TMOD  = TMOD | 0x20;
  12   1        ET1   = 1;            //wlaczenie pierwszego timera
  13   1        EA    = 1;
  14   1        TR1   = 1;
  15   1      }
  16          
  17          void ISR_Timer1(void) interrupt 3
  18          {
  19   1        licznik++;
  20   1        if(licznik == 450)
  21   1        {
  22   2          if(q > 0)
  23   2          {
  24   3            q--;
  25   3          }
  26   2          else
  27   2          {
  28   3            q = 7;
  29   3          }   
  30   2        licznik = 0;
  31   2        }
  32   1      }
  33          
  34          void main(void)
  35          {
  36   1        setup();
  37   1        while(1)
  38   1        {
  39   2          P2 = Diody[q];
  40   2        }
  41   1      }


MODULE INFORMATION:   STATIC OVERLAYABLE
   CODE SIZE        =     79    ----
   CONSTANT SIZE    =      8    ----
   XDATA SIZE       =   ----    ----
   PDATA SIZE       =   ----    ----
   DATA SIZE        =      3    ----
   IDATA SIZE       =   ----    ----
   BIT SIZE         =   ----    ----
   EDATA SIZE       =   ----    ----
   HDATA SIZE       =   ----    ----
   XDATA CONST SIZE =   ----    ----
   FAR CONST SIZE   =   ----    ----
C51 COMPILER V9.51   PROG1                                                                 04/24/2022 20:07:43 PAGE 2   

END OF MODULE INFORMATION.


C51 COMPILATION COMPLETE.  0 WARNING(S),  0 ERROR(S)
