C51 COMPILER V9.51   LAB2_2                                                                05/15/2022 12:59:41 PAGE 1   


C51 COMPILER V9.51, COMPILATION OF MODULE LAB2_2
OBJECT MODULE PLACED IN lab2_2.OBJ
COMPILER INVOKED BY: C:\Keil\C51\BIN\C51.EXE lab2_2.c OMF2 BROWSE DEBUG TABS(2)

line level    source

   1          #include <REGX52.H>
   2          #define Dioda P0_0
   3          #define numer 1
   4          
   5          unsigned char code Tab[] = {0xEF,0xDF, 0xBF, 0x7F};
   6          unsigned char bdata Key;
   7          sbit Key_3 = Key^3;
   8          sbit Key_2 = Key^2;
   9          sbit Key_1 = Key^1;
  10          void delay(void);
  11          
  12          void main(void)
  13          {
  14   1        unsigned char data i = 0;
  15   1        unsigned char data j = 0;
  16   1        bit Zezwalaj = 1;     // flaga, zabezpieczajaca przed wielokrotnym wejsciem do procedury wykonawczej przy p
             -rzytrzymaniu klawisza
  17   1        while(1)
  18   1        {
  19   2          P2 = Tab[i];
  20   2          Key = P2; 
  21   2          if ((Key_3&Key_2&Key_1)==0)
  22   2          { 
  23   3            if (Zezwalaj == 1)
  24   3            {
  25   4              Zezwalaj = 0;
  26   4              if (Key == (Tab[i] & 0xF7)) 
  27   4              {  
  28   5                for(j = 0; j <= i ; j++)
  29   5                {
  30   6                Dioda = 0;
  31   6                delay();
  32   6                Dioda = 1;
  33   6                delay();            
  34   6                }
  35   5                for(j = 0; j < 2 ; j++)
  36   5                {
  37   6                  delay();
  38   6                }
  39   5                Dioda = 0;
  40   5                delay();
  41   5                Dioda = 1;  
  42   5                delay();
  43   5              } 
  44   4              else if (Key == (Tab[i] & 0xFB))
  45   4              {
  46   5                for(j = 0; j <= i ; j++)
  47   5                {
  48   6                Dioda = 0;
  49   6                delay();
  50   6                Dioda = 1;
  51   6                delay();            
  52   6                }   
  53   5                for(j = 0; j < 2 ; j++)
  54   5                {
C51 COMPILER V9.51   LAB2_2                                                                05/15/2022 12:59:41 PAGE 2   

  55   6                  delay();
  56   6                }
  57   5                for(j = 0 ; j < 2 ; j++)
  58   5                {
  59   6                Dioda = 0;
  60   6                delay();
  61   6                Dioda = 1;
  62   6                delay();            
  63   6                }
  64   5              }
  65   4              else if (Key == (Tab[i] & 0xFD))
  66   4              {
  67   5                for(j = 0; j <= i ; j++)
  68   5                {
  69   6                Dioda = 0;
  70   6                delay();
  71   6                Dioda = 1;
  72   6                delay();            
  73   6                }   
  74   5                for(j = 0; j < 2 ; j++)
  75   5                {
  76   6                  delay();
  77   6                }
  78   5                for(j = 0 ; j < 3 ; j++)
  79   5                {
  80   6                Dioda = 0;
  81   6                delay();
  82   6                Dioda = 1;
  83   6                delay();
  84   6                }         
  85   5              }
  86   4            }
  87   3          }
  88   2          else
  89   2          {
  90   3            if (i<3) 
  91   3            {
  92   4              i++;
  93   4            }
  94   3            else 
  95   3            {
  96   4              i = 0;
  97   4            }
  98   3            Zezwalaj = 1;     // odblokowanie zezwalania na wejscie do procedur obslugi klawiszy 
  99   3          }
 100   2        }
 101   1      }  
 102          
 103          void delay(void)
 104          {
 105   1        unsigned char j;
 106   1        unsigned char i;
 107   1       
 108   1         for(i=0 ; i<200 ; i++)
 109   1         {
 110   2            for(j=0;j<189;j++)
 111   2            {;}
 112   2         }
 113   1      }
 114          
 115          

C51 COMPILER V9.51   LAB2_2                                                                05/15/2022 12:59:41 PAGE 3   


MODULE INFORMATION:   STATIC OVERLAYABLE
   CODE SIZE        =    280    ----
   CONSTANT SIZE    =      4    ----
   XDATA SIZE       =   ----    ----
   PDATA SIZE       =   ----    ----
   DATA SIZE        =      1       2
   IDATA SIZE       =   ----    ----
   BIT SIZE         =   ----       1
   EDATA SIZE       =   ----    ----
   HDATA SIZE       =   ----    ----
   XDATA CONST SIZE =   ----    ----
   FAR CONST SIZE   =   ----    ----
END OF MODULE INFORMATION.


C51 COMPILATION COMPLETE.  0 WARNING(S),  0 ERROR(S)
