C51 COMPILER V9.51   PROG3                                                                 04/25/2022 18:31:41 PAGE 1   


C51 COMPILER V9.51, COMPILATION OF MODULE PROG3
OBJECT MODULE PLACED IN prog3.OBJ
COMPILER INVOKED BY: C:\Keil\C51\BIN\C51.EXE prog3.c OMF2 BROWSE DEBUG TABS(2)

line level    source

   1          #include <REGX52.H>
   2          unsigned char code Diody[] = {0x7F, 0xBF, 0xDF, 0xEF, 0xF7, 0xFB, 0xFD, 0xFE};
   3          char q = 0;
   4          unsigned char zgasnij = 0;
   5          unsigned char reset = 0;
   6          unsigned int licznik = 0;
   7          void setup(void)
   8          {
   9   1        TH1   = TL1 = 0x00;     // ustawienie wartosci poczatkowych timera
  10   1        TMOD  = TMOD & 0x0F;
  11   1        TMOD  = TMOD | 0x20;
  12   1        ET1   = 1;            //wlaczenie pierwszego timera
  13   1        EA    = 1;
  14   1        TR1   = 1;
  15   1      }
  16          void ISR_Timer1(void) interrupt 3
  17          {
  18   1        licznik++;
  19   1        if(licznik == 450)
  20   1        {
  21   2          if(P3 == 0xFB)
  22   2          {
  23   3          if(q < 7)
  24   3          {
  25   4            q++;
  26   4          }
  27   3          else if(q == 7)
  28   3          {
  29   4            zgasnij = 1;
  30   4            q++;
  31   4          }
  32   3          else
  33   3          {
  34   4            q = 0;
  35   4            zgasnij = 0;
  36   4          }
  37   3          }
  38   2          else
  39   2          {
  40   3            if(q>0)
  41   3            {
  42   4              q--;
  43   4            }
  44   3            else if (q == 0)
  45   3            {
  46   4              zgasnij = 1;
  47   4              q--;
  48   4            }
  49   3            else
  50   3            {
  51   4              q = 7;
  52   4              zgasnij = 0;
  53   4            }
  54   3          }
  55   2          licznik = 0;
C51 COMPILER V9.51   PROG3                                                                 04/25/2022 18:31:41 PAGE 2   

  56   2        }
  57   1      }
  58          void main(void)
  59          {
  60   1        setup();
  61   1        P2 = 0xFF;
  62   1        while(1)
  63   1        {
  64   2          if(P3 != 0xFB && reset == 0 )
  65   2          {
  66   3            q = 7;
  67   3            licznik = 0;
  68   3            reset = 1;
  69   3            P2 = 0xFF;
  70   3          }
  71   2          else if (P3 == 0xFB && reset == 1)
  72   2          {
  73   3            q = 0;
  74   3            licznik = 0;
  75   3            reset = 0;
  76   3            P2 = 0xFF;
  77   3          }
  78   2          if(zgasnij == 0)
  79   2          {
  80   3          P2 = P2 & Diody[q];
  81   3          }
  82   2          else
  83   2          {
  84   3            P2 = 0xFF;
  85   3          }
  86   2        }
  87   1      }


MODULE INFORMATION:   STATIC OVERLAYABLE
   CODE SIZE        =    201    ----
   CONSTANT SIZE    =      8    ----
   XDATA SIZE       =   ----    ----
   PDATA SIZE       =   ----    ----
   DATA SIZE        =      5    ----
   IDATA SIZE       =   ----    ----
   BIT SIZE         =   ----    ----
   EDATA SIZE       =   ----    ----
   HDATA SIZE       =   ----    ----
   XDATA CONST SIZE =   ----    ----
   FAR CONST SIZE   =   ----    ----
END OF MODULE INFORMATION.


C51 COMPILATION COMPLETE.  0 WARNING(S),  0 ERROR(S)
